.\Debug\stack.ilk
.\Debug\stack.pdb
C:\su\CSE687\code\templates\STACK\.\Debug\stack.exe
C:\su\CSE687\code\templates\STACK\.\Debug\stack.exe.intermediate.manifest
C:\su\CSE687\code\templates\STACK\Debug\cl.command.1.tlog
C:\su\CSE687\code\templates\STACK\Debug\CL.read.1.tlog
C:\su\CSE687\code\templates\STACK\Debug\CL.write.1.tlog
C:\su\CSE687\code\templates\STACK\Debug\link.command.1.tlog
C:\su\CSE687\code\templates\STACK\Debug\link.read.1.tlog
C:\su\CSE687\code\templates\STACK\Debug\link.write.1.tlog
C:\su\CSE687\code\templates\STACK\Debug\mt.command.1.tlog
C:\su\CSE687\code\templates\STACK\Debug\mt.read.1.tlog
C:\su\CSE687\code\templates\STACK\Debug\mt.write.1.tlog
C:\SU\CSE687\CODE\TEMPLATES\STACK\DEBUG\STACK.EXE
C:\SU\CSE687\CODE\TEMPLATES\STACK\DEBUG\STACK.EXE.INTERMEDIATE.MANIFEST
C:\SU\CSE687\CODE\TEMPLATES\STACK\DEBUG\STACK.ILK
C:\SU\CSE687\CODE\TEMPLATES\STACK\DEBUG\STACK.OBJ
C:\SU\CSE687\CODE\TEMPLATES\STACK\DEBUG\STACK.PDB
C:\su\CSE687\code\templates\STACK\Debug\vc100.idb
C:\SU\CSE687\CODE\TEMPLATES\STACK\DEBUG\VC100.PDB
