C:\SU\CSE687\CODE\TEMPLATEFUNCTORSETC\DEBUG\FUNCTORS.EXE
C:\SU\CSE687\CODE\TEMPLATEFUNCTORSETC\DEBUG\FUNCTORS.ILK
C:\SU\CSE687\CODE\TEMPLATEFUNCTORSETC\DEBUG\FUNCTORS.PDB
C:\su\CSE687\code\TemplateFunctorsEtc\Functors\Debug\cl.command.1.tlog
C:\su\CSE687\code\TemplateFunctorsEtc\Functors\Debug\CL.read.1.tlog
C:\su\CSE687\code\TemplateFunctorsEtc\Functors\Debug\CL.write.1.tlog
C:\SU\CSE687\CODE\TEMPLATEFUNCTORSETC\FUNCTORS\DEBUG\FUNCTORS.EXE.EMBED.MANIFEST
C:\SU\CSE687\CODE\TEMPLATEFUNCTORSETC\FUNCTORS\DEBUG\FUNCTORS.EXE.EMBED.MANIFEST.RES
C:\SU\CSE687\CODE\TEMPLATEFUNCTORSETC\FUNCTORS\DEBUG\FUNCTORS.EXE.INTERMEDIATE.MANIFEST
C:\su\CSE687\code\TemplateFunctorsEtc\Functors\Debug\Functors_manifest.rc
C:\SU\CSE687\CODE\TEMPLATEFUNCTORSETC\FUNCTORS\DEBUG\FUNCTORSETC.OBJ
C:\su\CSE687\code\TemplateFunctorsEtc\Functors\Debug\link.5200.read.1.tlog
C:\su\CSE687\code\TemplateFunctorsEtc\Functors\Debug\link.5200.write.1.tlog
C:\su\CSE687\code\TemplateFunctorsEtc\Functors\Debug\link.5200-cvtres.read.1.tlog
C:\su\CSE687\code\TemplateFunctorsEtc\Functors\Debug\link.5200-cvtres.write.1.tlog
C:\su\CSE687\code\TemplateFunctorsEtc\Functors\Debug\link.command.1.tlog
C:\su\CSE687\code\TemplateFunctorsEtc\Functors\Debug\link.read.1.tlog
C:\su\CSE687\code\TemplateFunctorsEtc\Functors\Debug\link.write.1.tlog
C:\su\CSE687\code\TemplateFunctorsEtc\Functors\Debug\link-cvtres.read.1.tlog
C:\su\CSE687\code\TemplateFunctorsEtc\Functors\Debug\link-cvtres.write.1.tlog
C:\su\CSE687\code\TemplateFunctorsEtc\Functors\Debug\mt.command.1.tlog
C:\su\CSE687\code\TemplateFunctorsEtc\Functors\Debug\mt.read.1.tlog
C:\su\CSE687\code\TemplateFunctorsEtc\Functors\Debug\mt.write.1.tlog
C:\su\CSE687\code\TemplateFunctorsEtc\Functors\Debug\rc.command.1.tlog
C:\su\CSE687\code\TemplateFunctorsEtc\Functors\Debug\rc.read.1.tlog
C:\su\CSE687\code\TemplateFunctorsEtc\Functors\Debug\rc.write.1.tlog
C:\su\CSE687\code\TemplateFunctorsEtc\Functors\Debug\vc100.idb
C:\SU\CSE687\CODE\TEMPLATEFUNCTORSETC\FUNCTORS\DEBUG\VC100.PDB
